<?xml version="1.0" encoding="UTF-8"?>
<testsuite name="com.app.TictactoeGameApplicationTests" tests="1" skipped="0" failures="0" errors="0" timestamp="2024-05-09T17:03:53" hostname="ASUS-TUF-F17" time="0.004">
  <properties/>
  <testcase name="contextLoads()" classname="com.app.TictactoeGameApplicationTests" time="0.004"/>
  <system-out><![CDATA[2024-05-09T11:03:45.419-06:00  INFO 4896 --- [TictactoeGame] [    Test worker] t.c.s.AnnotationConfigContextLoaderUtils : Could not detect default configuration classes for test class [com.app.TictactoeGameApplicationTests]: TictactoeGameApplicationTests does not declare any static, non-private, non-final, nested classes annotated with @Configuration.
2024-05-09T11:03:45.457-06:00  INFO 4896 --- [TictactoeGame] [    Test worker] .b.t.c.SpringBootTestContextBootstrapper : Found @SpringBootConfiguration com.app.TictactoeGameApplication for test class com.app.TictactoeGameApplicationTests

  .   ____          _            __ _ _
 /\\ / ___'_ __ _ _(_)_ __  __ _ \ \ \ \
( ( )\___ | '_ | '_| | '_ \/ _` | \ \ \ \
 \\/  ___)| |_)| | | | | || (_| |  ) ) ) )
  '  |____| .__|_| |_|_| |_\__, | / / / /
 =========|_|==============|___/=/_/_/_/
 :: Spring Boot ::                (v3.2.5)

2024-05-09T11:03:45.517-06:00  INFO 4896 --- [TictactoeGame] [    Test worker] com.app.TictactoeGameApplicationTests    : Starting TictactoeGameApplicationTests using Java 20.0.2 with PID 4896 (started by darks in C:\Users\darks\OneDrive\Documentos\projects\TictactoeGame)
2024-05-09T11:03:45.518-06:00  INFO 4896 --- [TictactoeGame] [    Test worker] com.app.TictactoeGameApplicationTests    : The following 1 profile is active: "prod"
2024-05-09T11:03:46.025-06:00  INFO 4896 --- [TictactoeGame] [    Test worker] .s.d.r.c.RepositoryConfigurationDelegate : Bootstrapping Spring Data JPA repositories in DEFAULT mode.
2024-05-09T11:03:46.106-06:00  INFO 4896 --- [TictactoeGame] [    Test worker] .s.d.r.c.RepositoryConfigurationDelegate : Finished Spring Data repository scanning in 70 ms. Found 3 JPA repository interfaces.
2024-05-09T11:03:46.614-06:00  INFO 4896 --- [TictactoeGame] [    Test worker] o.hibernate.jpa.internal.util.LogHelper  : HHH000204: Processing PersistenceUnitInfo [name: default]
2024-05-09T11:03:46.705-06:00  INFO 4896 --- [TictactoeGame] [    Test worker] org.hibernate.Version                    : HHH000412: Hibernate ORM core version 6.4.4.Final
2024-05-09T11:03:46.763-06:00  INFO 4896 --- [TictactoeGame] [    Test worker] o.h.c.internal.RegionFactoryInitiator    : HHH000026: Second-level cache disabled
2024-05-09T11:03:46.932-06:00  INFO 4896 --- [TictactoeGame] [    Test worker] o.s.o.j.p.SpringPersistenceUnitInfo      : No LoadTimeWeaver setup: ignoring JPA class transformer
2024-05-09T11:03:46.976-06:00  INFO 4896 --- [TictactoeGame] [    Test worker] com.zaxxer.hikari.HikariDataSource       : HikariPool-1 - Starting...
2024-05-09T11:03:48.841-06:00  INFO 4896 --- [TictactoeGame] [    Test worker] com.zaxxer.hikari.pool.HikariPool        : HikariPool-1 - Added connection org.postgresql.jdbc.PgConnection@28721794
2024-05-09T11:03:48.844-06:00  INFO 4896 --- [TictactoeGame] [    Test worker] com.zaxxer.hikari.HikariDataSource       : HikariPool-1 - Start completed.
2024-05-09T11:03:49.016-06:00  WARN 4896 --- [TictactoeGame] [    Test worker] org.hibernate.orm.deprecation            : HHH90000025: PostgreSQLDialect does not need to be specified explicitly using 'hibernate.dialect' (remove the property setting and it will be selected by default)
2024-05-09T11:03:50.538-06:00  INFO 4896 --- [TictactoeGame] [    Test worker] o.h.e.t.j.p.i.JtaPlatformInitiator       : HHH000489: No JTA platform available (set 'hibernate.transaction.jta.platform' to enable JTA platform integration)
2024-05-09T11:03:52.167-06:00  INFO 4896 --- [TictactoeGame] [    Test worker] j.LocalContainerEntityManagerFactoryBean : Initialized JPA EntityManagerFactory for persistence unit 'default'
2024-05-09T11:03:52.780-06:00  INFO 4896 --- [TictactoeGame] [    Test worker] o.s.s.web.DefaultSecurityFilterChain     : Will secure any request with [org.springframework.security.web.session.DisableEncodeUrlFilter@164dfad2, org.springframework.security.web.context.request.async.WebAsyncManagerIntegrationFilter@76480730, org.springframework.security.web.context.SecurityContextHolderFilter@d7645b2, org.springframework.security.web.header.HeaderWriterFilter@732ffb6a, org.springframework.web.filter.CorsFilter@405a296e, org.springframework.security.web.authentication.logout.LogoutFilter@40f40221, com.app.security.JwtAuthenticationFilter@3d7d72f2, org.springframework.security.web.savedrequest.RequestCacheAwareFilter@72e4905c, org.springframework.security.web.servletapi.SecurityContextHolderAwareRequestFilter@279b83ea, org.springframework.security.web.authentication.AnonymousAuthenticationFilter@77198cce, org.springframework.security.web.session.SessionManagementFilter@3c6c87fa, org.springframework.security.web.access.ExceptionTranslationFilter@5827908c, org.springframework.security.web.access.intercept.AuthorizationFilter@6d3b59e2]
2024-05-09T11:03:53.069-06:00  INFO 4896 --- [TictactoeGame] [    Test worker] com.app.TictactoeGameApplicationTests    : Started TictactoeGameApplicationTests in 7.598 seconds (process running for 15.868)
]]></system-out>
  <system-err><![CDATA[]]></system-err>
</testsuite>
