<?xml version="1.0" encoding="UTF-8"?>
<testsuite name="com.app.integration.TicTacToeIntegrationTest" tests="7" skipped="0" failures="0" errors="0" timestamp="2024-05-08T19:19:13" hostname="ASUS-TUF-F17" time="4.534">
  <properties/>
  <testcase name="testErrorCreatingUserNull()" classname="com.app.integration.TicTacToeIntegrationTest" time="0.157"/>
  <testcase name="testGetUserByEmail()" classname="com.app.integration.TicTacToeIntegrationTest" time="0.702"/>
  <testcase name="testCreateBoardsSquaresForBoard()" classname="com.app.integration.TicTacToeIntegrationTest" time="1.746"/>
  <testcase name="testUpdateUser()" classname="com.app.integration.TicTacToeIntegrationTest" time="0.618"/>
  <testcase name="testErrorGettingBoardById()" classname="com.app.integration.TicTacToeIntegrationTest" time="0.233"/>
  <testcase name="testErrorDuplicateUser()" classname="com.app.integration.TicTacToeIntegrationTest" time="0.501"/>
  <testcase name="testCreateBoardForUser()" classname="com.app.integration.TicTacToeIntegrationTest" time="0.564"/>
  <system-out><![CDATA[2024-05-08T13:19:13.576-06:00  INFO 14284 --- [TictactoeGame] [    Test worker] t.c.s.AnnotationConfigContextLoaderUtils : Could not detect default configuration classes for test class [com.app.integration.TicTacToeIntegrationTest]: TicTacToeIntegrationTest does not declare any static, non-private, non-final, nested classes annotated with @Configuration.
2024-05-08T13:19:13.604-06:00  INFO 14284 --- [TictactoeGame] [    Test worker] .b.t.c.SpringBootTestContextBootstrapper : Found @SpringBootConfiguration com.app.TictactoeGameApplication for test class com.app.integration.TicTacToeIntegrationTest
2024-05-08T13:19:14.044-06:00 DEBUG 14284 --- [TictactoeGame] [    Test worker] org.hibernate.SQL                        : 
    select
        u1_0.user_id,
        u1_0.email,
        u1_0.password 
    from
        users u1_0 
    where
        u1_0.email=?
2024-05-08T13:19:14.064-06:00 TRACE 14284 --- [TictactoeGame] [    Test worker] org.hibernate.orm.jdbc.bind              : binding parameter (1:VARCHAR) <- [antonio@gmail.com]
2024-05-08T13:19:14.235-06:00 DEBUG 14284 --- [TictactoeGame] [    Test worker] org.hibernate.SQL                        : 
    select
        b1_0.user_id,
        b1_0.board_id,
        b1_0.date,
        b1_0.is_finished,
        b1_0.name 
    from
        boards b1_0 
    where
        b1_0.user_id=?
2024-05-08T13:19:14.236-06:00 TRACE 14284 --- [TictactoeGame] [    Test worker] org.hibernate.orm.jdbc.bind              : binding parameter (1:BIGINT) <- [1]
2024-05-08T13:19:14.482-06:00 DEBUG 14284 --- [TictactoeGame] [    Test worker] org.hibernate.SQL                        : 
    select
        u1_0.user_id,
        u1_0.email,
        u1_0.password 
    from
        users u1_0 
    where
        u1_0.email=?
2024-05-08T13:19:14.483-06:00 TRACE 14284 --- [TictactoeGame] [    Test worker] org.hibernate.orm.jdbc.bind              : binding parameter (1:VARCHAR) <- [user@hotmail.com]
2024-05-08T13:19:14.795-06:00 DEBUG 14284 --- [TictactoeGame] [    Test worker] org.hibernate.SQL                        : 
    insert 
    into
        users
        (email, password) 
    values
        (?, ?)
2024-05-08T13:19:14.800-06:00 TRACE 14284 --- [TictactoeGame] [    Test worker] org.hibernate.orm.jdbc.bind              : binding parameter (1:VARCHAR) <- [user@hotmail.com]
2024-05-08T13:19:14.800-06:00 TRACE 14284 --- [TictactoeGame] [    Test worker] org.hibernate.orm.jdbc.bind              : binding parameter (2:VARCHAR) <- [$2a$10$dBY85ryccSfofHZrggnl2OHaCoWKYNLMYypvMvcu1ax4M6iG3pn5.]
2024-05-08T13:19:14.928-06:00 DEBUG 14284 --- [TictactoeGame] [    Test worker] org.hibernate.SQL                        : 
    insert 
    into
        board_squares
        (board_id, state) 
    values
        (?, ?)
2024-05-08T13:19:14.929-06:00 TRACE 14284 --- [TictactoeGame] [    Test worker] org.hibernate.orm.jdbc.bind              : binding parameter (1:BIGINT) <- [null]
2024-05-08T13:19:14.929-06:00 TRACE 14284 --- [TictactoeGame] [    Test worker] org.hibernate.orm.jdbc.bind              : binding parameter (2:INTEGER) <- [0]
2024-05-08T13:19:15.039-06:00 DEBUG 14284 --- [TictactoeGame] [    Test worker] org.hibernate.SQL                        : 
    insert 
    into
        board_squares
        (board_id, state) 
    values
        (?, ?)
2024-05-08T13:19:15.040-06:00 TRACE 14284 --- [TictactoeGame] [    Test worker] org.hibernate.orm.jdbc.bind              : binding parameter (1:BIGINT) <- [null]
2024-05-08T13:19:15.040-06:00 TRACE 14284 --- [TictactoeGame] [    Test worker] org.hibernate.orm.jdbc.bind              : binding parameter (2:INTEGER) <- [0]
2024-05-08T13:19:15.153-06:00 DEBUG 14284 --- [TictactoeGame] [    Test worker] org.hibernate.SQL                        : 
    insert 
    into
        board_squares
        (board_id, state) 
    values
        (?, ?)
2024-05-08T13:19:15.153-06:00 TRACE 14284 --- [TictactoeGame] [    Test worker] org.hibernate.orm.jdbc.bind              : binding parameter (1:BIGINT) <- [null]
2024-05-08T13:19:15.153-06:00 TRACE 14284 --- [TictactoeGame] [    Test worker] org.hibernate.orm.jdbc.bind              : binding parameter (2:INTEGER) <- [0]
2024-05-08T13:19:15.264-06:00 DEBUG 14284 --- [TictactoeGame] [    Test worker] org.hibernate.SQL                        : 
    insert 
    into
        board_squares
        (board_id, state) 
    values
        (?, ?)
2024-05-08T13:19:15.265-06:00 TRACE 14284 --- [TictactoeGame] [    Test worker] org.hibernate.orm.jdbc.bind              : binding parameter (1:BIGINT) <- [null]
2024-05-08T13:19:15.265-06:00 TRACE 14284 --- [TictactoeGame] [    Test worker] org.hibernate.orm.jdbc.bind              : binding parameter (2:INTEGER) <- [0]
2024-05-08T13:19:15.378-06:00 DEBUG 14284 --- [TictactoeGame] [    Test worker] org.hibernate.SQL                        : 
    insert 
    into
        board_squares
        (board_id, state) 
    values
        (?, ?)
2024-05-08T13:19:15.379-06:00 TRACE 14284 --- [TictactoeGame] [    Test worker] org.hibernate.orm.jdbc.bind              : binding parameter (1:BIGINT) <- [null]
2024-05-08T13:19:15.379-06:00 TRACE 14284 --- [TictactoeGame] [    Test worker] org.hibernate.orm.jdbc.bind              : binding parameter (2:INTEGER) <- [0]
2024-05-08T13:19:15.489-06:00 DEBUG 14284 --- [TictactoeGame] [    Test worker] org.hibernate.SQL                        : 
    insert 
    into
        board_squares
        (board_id, state) 
    values
        (?, ?)
2024-05-08T13:19:15.490-06:00 TRACE 14284 --- [TictactoeGame] [    Test worker] org.hibernate.orm.jdbc.bind              : binding parameter (1:BIGINT) <- [null]
2024-05-08T13:19:15.490-06:00 TRACE 14284 --- [TictactoeGame] [    Test worker] org.hibernate.orm.jdbc.bind              : binding parameter (2:INTEGER) <- [0]
2024-05-08T13:19:15.639-06:00 DEBUG 14284 --- [TictactoeGame] [    Test worker] org.hibernate.SQL                        : 
    insert 
    into
        board_squares
        (board_id, state) 
    values
        (?, ?)
2024-05-08T13:19:15.640-06:00 TRACE 14284 --- [TictactoeGame] [    Test worker] org.hibernate.orm.jdbc.bind              : binding parameter (1:BIGINT) <- [null]
2024-05-08T13:19:15.640-06:00 TRACE 14284 --- [TictactoeGame] [    Test worker] org.hibernate.orm.jdbc.bind              : binding parameter (2:INTEGER) <- [0]
2024-05-08T13:19:15.761-06:00 DEBUG 14284 --- [TictactoeGame] [    Test worker] org.hibernate.SQL                        : 
    insert 
    into
        board_squares
        (board_id, state) 
    values
        (?, ?)
2024-05-08T13:19:15.762-06:00 TRACE 14284 --- [TictactoeGame] [    Test worker] org.hibernate.orm.jdbc.bind              : binding parameter (1:BIGINT) <- [null]
2024-05-08T13:19:15.763-06:00 TRACE 14284 --- [TictactoeGame] [    Test worker] org.hibernate.orm.jdbc.bind              : binding parameter (2:INTEGER) <- [0]
2024-05-08T13:19:15.872-06:00 DEBUG 14284 --- [TictactoeGame] [    Test worker] org.hibernate.SQL                        : 
    insert 
    into
        board_squares
        (board_id, state) 
    values
        (?, ?)
2024-05-08T13:19:15.873-06:00 TRACE 14284 --- [TictactoeGame] [    Test worker] org.hibernate.orm.jdbc.bind              : binding parameter (1:BIGINT) <- [null]
2024-05-08T13:19:15.873-06:00 TRACE 14284 --- [TictactoeGame] [    Test worker] org.hibernate.orm.jdbc.bind              : binding parameter (2:INTEGER) <- [0]
2024-05-08T13:19:15.990-06:00 DEBUG 14284 --- [TictactoeGame] [    Test worker] org.hibernate.SQL                        : 
    insert 
    into
        boards
        (date, is_finished, name, user_id) 
    values
        (?, ?, ?, ?)
2024-05-08T13:19:15.991-06:00 TRACE 14284 --- [TictactoeGame] [    Test worker] org.hibernate.orm.jdbc.bind              : binding parameter (1:TIMESTAMP) <- [null]
2024-05-08T13:19:15.991-06:00 TRACE 14284 --- [TictactoeGame] [    Test worker] org.hibernate.orm.jdbc.bind              : binding parameter (2:INTEGER) <- [0]
2024-05-08T13:19:15.991-06:00 TRACE 14284 --- [TictactoeGame] [    Test worker] org.hibernate.orm.jdbc.bind              : binding parameter (3:VARCHAR) <- [null]
2024-05-08T13:19:15.992-06:00 TRACE 14284 --- [TictactoeGame] [    Test worker] org.hibernate.orm.jdbc.bind              : binding parameter (4:BIGINT) <- [3]
Board ID: 1
BoardSquare board ID: 1
2024-05-08T13:19:16.231-06:00 DEBUG 14284 --- [TictactoeGame] [    Test worker] org.hibernate.SQL                        : 
    select
        u1_0.user_id,
        u1_0.email,
        u1_0.password 
    from
        users u1_0 
    where
        u1_0.email=?
2024-05-08T13:19:16.231-06:00 TRACE 14284 --- [TictactoeGame] [    Test worker] org.hibernate.orm.jdbc.bind              : binding parameter (1:VARCHAR) <- [user@hotmail.com]
2024-05-08T13:19:16.484-06:00 DEBUG 14284 --- [TictactoeGame] [    Test worker] org.hibernate.SQL                        : 
    insert 
    into
        users
        (email, password) 
    values
        (?, ?)
2024-05-08T13:19:16.484-06:00 TRACE 14284 --- [TictactoeGame] [    Test worker] org.hibernate.orm.jdbc.bind              : binding parameter (1:VARCHAR) <- [user@hotmail.com]
2024-05-08T13:19:16.485-06:00 TRACE 14284 --- [TictactoeGame] [    Test worker] org.hibernate.orm.jdbc.bind              : binding parameter (2:VARCHAR) <- [$2a$10$X0T4T2r3gxYIYAMI8rUrouNglTnlJ9DgWMYigeP/./.lMpDfs7Oky]
2024-05-08T13:19:16.852-06:00 DEBUG 14284 --- [TictactoeGame] [    Test worker] org.hibernate.SQL                        : 
    select
        b1_0.board_id,
        b1_0.date,
        b1_0.is_finished,
        b1_0.name,
        u1_0.user_id,
        u1_0.email,
        u1_0.password,
        bs1_0.board_id,
        bs1_0.id,
        bs1_0.state 
    from
        boards b1_0 
    left join
        users u1_0 
            on u1_0.user_id=b1_0.user_id 
    left join
        board_squares bs1_0 
            on b1_0.board_id=bs1_0.board_id 
    where
        b1_0.board_id=?
2024-05-08T13:19:16.854-06:00 TRACE 14284 --- [TictactoeGame] [    Test worker] org.hibernate.orm.jdbc.bind              : binding parameter (1:BIGINT) <- [99999]
2024-05-08T13:19:17.086-06:00 DEBUG 14284 --- [TictactoeGame] [    Test worker] org.hibernate.SQL                        : 
    select
        u1_0.user_id,
        u1_0.email,
        u1_0.password 
    from
        users u1_0 
    where
        u1_0.email=?
2024-05-08T13:19:17.086-06:00 TRACE 14284 --- [TictactoeGame] [    Test worker] org.hibernate.orm.jdbc.bind              : binding parameter (1:VARCHAR) <- [user@hotmail.com]
2024-05-08T13:19:17.319-06:00 DEBUG 14284 --- [TictactoeGame] [    Test worker] org.hibernate.SQL                        : 
    insert 
    into
        users
        (email, password) 
    values
        (?, ?)
2024-05-08T13:19:17.320-06:00 TRACE 14284 --- [TictactoeGame] [    Test worker] org.hibernate.orm.jdbc.bind              : binding parameter (1:VARCHAR) <- [user@hotmail.com]
2024-05-08T13:19:17.321-06:00 TRACE 14284 --- [TictactoeGame] [    Test worker] org.hibernate.orm.jdbc.bind              : binding parameter (2:VARCHAR) <- [$2a$10$Z/3hOTeru9EQ08g9D4uLau/VBWfR/pyGJw.PVQva.YZcpdc3Lv0ia]
2024-05-08T13:19:17.586-06:00 DEBUG 14284 --- [TictactoeGame] [    Test worker] org.hibernate.SQL                        : 
    select
        u1_0.user_id,
        u1_0.email,
        u1_0.password 
    from
        users u1_0 
    where
        u1_0.email=?
2024-05-08T13:19:17.586-06:00 TRACE 14284 --- [TictactoeGame] [    Test worker] org.hibernate.orm.jdbc.bind              : binding parameter (1:VARCHAR) <- [user@hotmail.com]
2024-05-08T13:19:17.803-06:00 DEBUG 14284 --- [TictactoeGame] [    Test worker] org.hibernate.SQL                        : 
    insert 
    into
        users
        (email, password) 
    values
        (?, ?)
2024-05-08T13:19:17.804-06:00 TRACE 14284 --- [TictactoeGame] [    Test worker] org.hibernate.orm.jdbc.bind              : binding parameter (1:VARCHAR) <- [user@hotmail.com]
2024-05-08T13:19:17.804-06:00 TRACE 14284 --- [TictactoeGame] [    Test worker] org.hibernate.orm.jdbc.bind              : binding parameter (2:VARCHAR) <- [$2a$10$KIoDBHR.ZWvDVpvdPJDbwe0xd1rzKVxhHd/nRoOSTZUQr7SKkEI.u]
2024-05-08T13:19:17.917-06:00 DEBUG 14284 --- [TictactoeGame] [    Test worker] org.hibernate.SQL                        : 
    insert 
    into
        boards
        (date, is_finished, name, user_id) 
    values
        (?, ?, ?, ?)
2024-05-08T13:19:17.917-06:00 TRACE 14284 --- [TictactoeGame] [    Test worker] org.hibernate.orm.jdbc.bind              : binding parameter (1:TIMESTAMP) <- [null]
2024-05-08T13:19:17.917-06:00 TRACE 14284 --- [TictactoeGame] [    Test worker] org.hibernate.orm.jdbc.bind              : binding parameter (2:INTEGER) <- [0]
2024-05-08T13:19:17.917-06:00 TRACE 14284 --- [TictactoeGame] [    Test worker] org.hibernate.orm.jdbc.bind              : binding parameter (3:VARCHAR) <- [null]
2024-05-08T13:19:17.917-06:00 TRACE 14284 --- [TictactoeGame] [    Test worker] org.hibernate.orm.jdbc.bind              : binding parameter (4:BIGINT) <- [6]
User ID: 6
Board user ID: 6
]]></system-out>
  <system-err><![CDATA[]]></system-err>
</testsuite>
